[   0.000] Inialzinggrupsubs cse
  0.0000Initiazing cousubs c
    0000] itliing ro subs uact
  0.000]inx veio 4.4.04-neicbuddlg1-) gcveio 5.10104 (unu 3.14ubutu1) #53butuSMWeJu 27 :039 UTC01(Ubunt4.0-34.5geric 4.4.15)
[    0.000000] Command line: BOOT_IMAGE=/boot/vmlinuz-4.4.0-34-generic root=LABEL=cloudimg-rootfs ro console=tty1 console=ttyS0
[    0.000000] KERNEL supported cpus:
[    0.000000]   Intel GenuineIntel
[    0.000000]   AMD AuthenticAMD
[    0.000000]   Centaur CentaurHauls
[    0.000000] x86/fpu: xstate_offset[2]:  576, xstate_sizes[2]:  256
[    0.000000] x86/fpu: Supporting XSAVE feature 0x01: 'x87 floating point registers'
[    0.000000] x86/fpu: Supporting XSAVE feature 0x02: 'SSE registers'
[    0.000000] x86/fpu: Supporting XSAVE feature 0x04: 'AVX registers'
[    0.000000] x86/fpu: Enabled xstate features 0x7, context size is 832 bytes, using 'standard' format.
[    0.000000] x86/fpu: Using 'lazy' FPU context switches.
[    0.000000] e820: BIOS-provided physical RAM map:
[    0.000000] BIOS-e820: [mem 0x0000000000000000-0x000000000009fbff] usable
[    0.000000] BIOS-e820: [mem 0x000000000009fc00-0x000000000009ffff] reserved
[    0.000000] BIOS-e820: [mem 0x00000000000f0000-0x00000000000fffff] reserved
[    0.000000] BIOS-e820: [mem 0x0000000000100000-0x000000003ffeffff] usable
[    0.000000] BIOS-e820: [mem 0x000000003fff0000-0x000000003fffffff] ACPI data
[    0.000000] BIOS-e820: [mem 0x00000000fec00000-0x00000000fec00fff] reserved
[    0.000000] BIOS-e820: [mem 0x00000000fee00000-0x00000000fee00fff] reserved
[    0.000000] BIOS-e820: [mem 0x00000000fffc0000-0x00000000ffffffff] reserved
[    0.000000] NX (Execute Disable) protection: active
[    0.000000] SMBIOS 2.5 present.
[    0.000000] Hypervisor detected: KVM
[    0.000000] e820: last_pfn = 0x3fff0 max_arch_pfn = 0x400000000
[    0.000000] x86/PAT: Configuration [0-7]: WB  WC  UC- UC  WB  WC  UC- WT  
[    0.000000] MTRR: Disabled
[    0.000000] CPU MTRRs all blank - virtualized system.
[    0.000000] found SMP MP-table at [mem 0x0009fff0-0x0009ffff] mapped at [ffff88000009fff0]
[    0.000000] Scanning 1 areas for low memory corruption
[    0.000000] RAMDISK: [mem 0x371b4000-0x378d1fff]
[    0.000000] ACPI: Early table checksum verification disabled
[    0.000000] ACPI: RSDP 0x00000000000E0000 000024 (v02 VBOX  )
[    0.000000] ACPI: XSDT 0x000000003FFF0030 00003C (v01 VBOX   VBOXXSDT 00000001 ASL  00000061)
[    0.000000] ACPI: FACP 0x000000003FFF00F0 0000F4 (v04 VBOX   VBOXFACP 00000001 ASL  00000061)
[    0.000000] ACPI: DSDT 0x000000003FFF0470 00210F (v01 VBOX   VBOXBIOS 00000002 INTL 20150717)
[    0.000000] ACPI: FACS 0x000000003FFF0200 000040
[    0.000000] ACPI: FACS 0x000000003FFF0200 000040
[    0.000000] ACPI: APIC 0x000000003FFF0240 00005C (v02 VBOX   VBOXAPIC 00000001 ASL  00000061)
[    0.000000] ACPI: SSDT 0x000000003FFF02A0 0001CC (v01 VBOX   VBOXCPUT 00000002 INTL 20150717)
[    0.000000] No NUMA configuration found
[    0.000000] Faking a node at [mem 0x0000000000000000-0x000000003ffeffff]
[    0.000000] NODE_DATA(0) allocated [mem 0x3ffeb000-0x3ffeffff]
[    0.000000] kvm-clock: Using msrs 4b564d01 and 4b564d00
[    0.000000] kvm-clock: cpu 0, msr 0:3ffe7001, primary cpu clock
[    0.000000] kvm-clock: using sched offset of 3123382054 cycles
[    0.000000] clocksource: kvm-clock: mask: 0xffffffffffffffff max_cycles: 0x1cd42e4dffb, mx_les:88155983 n
[  0.0000] ne rge
    0000] DM    [m 00000000100-0000000fff]
[    0.000000]   DM32  mem 00000010000x000003fffff
[  0.00]  Norl empt
[  .0000] Deve emty
[   .00000] vae zo srt f eh ode   0000]Earlmery ne ngs
[    0.00000] nde  : me 0x0000000010-00000000fff][  0.0000] nod   [em 0000000000-x00000003ffeffff]
[    0.000000] Initmem setup node 0 [mem 0x0000000000001000-0x000000003ffeffff]
[    0.000000] ACPI: PM-Timer IO Port: 0x4008
[    0.000000] IOAPIC[0]: apic_id 2, version 32, address 0xfec00000, GSI 0-23
[    0.000000] ACPI: INT_SRC_OVR (bus 0 bus_irq 0 global_irq 2 dfl dfl)
[    0.000000] ACPI: INT_SRC_OVR (bus 0 bus_irq 9 global_irq 9 high level)
[    0.000000] Using ACPI (MADT) for SMP configuration information
[    0.000000] smpboot: Allowing 2 CPUs, 0 hotplug CPUs
[    0.000000] PM: Registered nosave memory: [mem 0x00000000-0x00000fff]
[    0.000000] PM: Registered nosave memory: [mem 0x0009f000-0x0009ffff]
[    0.000000] PM: Registered nosave memory: [mem 0x000a0000-0x000effff]
[    0.000000] PM: Registered nosave memory: [mem 0x000f0000-0x000fffff]
[    0.000000] e820: [mem 0x40000000-0xfebfffff] available for PCI devices
[    0.000000] Booting paravirtualized kernel on KVM
[    0.000000] clocksource: refined-jiffies: mask: 0xffffffff max_cycles: 0xffffffff, max_idle_ns: 7645519600211568 ns
[    0.000000] setup_percpu: NR_CPUS:256 nr_cpumask_bits:256 nr_cpu_ids:2 nr_node_ids:1
[    0.000000] PERCPU: Embedded 33 pages/cpu @ffff88003fc00000 s98008 r8192 d28968 u1048576
[    0.000000] PV qspinlock hash table entries: 256 (order: 0, 4096 bytes)
[    0.000000] Built 1 zonelists in Node order, mobility grouping on.  Total pages: 257913
[    0.000000] Policy zone: DMA32
[    0.000000] Kernel command line: BOOT_IMAGE=/boot/vmlinuz-4.4.0-34-generic root=LABEL=cloudimg-rootfs ro console=tty1 console=ttyS0
[    0.000000] PID hash table entries: 4096 (order: 3, 32768 bytes)
[    0.000000] Memory: 1005352K/1048120K available (8394K kernel code, 1282K rwdata, 3944K rodata, 1480K init, 1292K bss, 42768K reserved, 0K cma-reserved)
[    0.000000] SLUB: HWalign=64, Order=0-3, MinObjects=0, CPUs=2, Nodes=1
[    0.000000] Hierarchical RCU implementation.
[    0.000000] 	Build-time adjustment of leaf fanout to 64.
[    0.000000] 	RCU restricting CPUs from NR_CPUS=256 to nr_cpu_ids=2.
[    0.000000] RCU: Adjusting geometry for rcu_fanout_leaf=64, nr_cpu_ids=2
[    0.000000] NR_IRQS:16640 nr_irqs:440 16
[    0.000000] Console: colour VGA+ 80x25
[    0.000000] console [tty1] enabled
[    0.000000] console [ttyS0] enabled
[    0.000000] tsc: Detected 3410.014 MHz processor
[    3.896543] Calibrating delay loop (skipped) preset value.. 6820.02 BogoMIPS (lpj=13640056)
[    3.897708] pid_max: default: 32768 minimum: 301
[    3.898330] ACPI: Core revision 20150930
[    3.899623] ACPI: 2 ACPI AML tables successfully acquired and loaded
[    3.900584] Security Framework initialized
[    3.901160] Yama: becoming mindful.
[    3.901686] AppArmor: AppArmor initialized
[    3.902318] Dentry cache hash table entries: 131072 (order: 8, 1048576 bytes)
[    3.903341] Inode-cache hash table entries: 65536 (order: 7, 524288 bytes)
[    3.904643] Mount-cache hash table entries: 2048 (order: 2, 16384 bytes)
[    3.908729] Mountpoint-cache hash table entries: 2048 (order: 2, 16384 bytes)
[    3.909702] Initializing cgroup subsys io
[    3.910276] Initializing cgroup subsys memory
[    3.910881] Initializing cgroup subsys devices
[    3.911489] Initializing cgroup subsys freezer
[    3.912128] Initializing cgroup subsys net_cls
[    3.912739] Initializing cgroup subsys perf_event
[    3.913396] Initializing cgroup subsys net_prio
[    3.914020] Initializing cgroup subsys hugetlb
[    3.914627] Initializing cgroup subsys pids
[    3.915274] CPU: Physical Processor ID: 0
[    3.915840] CPU: Processor Core ID: 0
[    3.916678] mce: CPU supports 0 MCE banks
[    3.917260] Last level iTLB entries: 4KB 512, 2MB 8, 4MB 8
[    3.917957] Last level dTLB entries: 4KB 512, 2MB 32, 4MB 32, 1GB 0
[    3.920351] Freeing SMP alternatives memory: 28K (ffffffff820b4000 - ffffffff820bb000)
[    3.928123] ftrace: allocating 31994 entries in 125 pages
[    3.964232] smpboot: Max logical packages: 1
[    4.090497] smpboot: APIC(0) Converting physical 0 to logical package 0
[    4.278338] x2apic enabled
[    4.347260] Switched APIC routing to physical x2apic.
[    4.456301] ..TIMER: vector=0x30 apic1=0 pin1=2 apic2=-1 pin2=-1
[    4.660371] smpboot: CPU0: Intel(R) Core(TM) i5-3570K CPU @ 3.40GHz (family: 0x6, model: 0x3a, stepping: 0x9)
[    4.794758] Performance Events: unsupported p6 CPU model 58 no PMU driver, software events only.
[    4.830378] KVM setup paravirtual spinlock
[    4.924902] x86: Booting SMP configuration:
[    5.049323] .... node  #0, CPUs:      #1
[    5.157675] kvm-clock: cpu 1, msr 0:3ffe7041, secondary cpu clock
[    5.353197] mce: CPU supports 0 MCE banks
[    5.355560] x86: Booted up 1 node, 2 CPUs
[    5.356328] smpboot: Total of 2 processors activated (13640.05 BogoMIPS)
[    5.357533] devtmpfs: initialized
[    5.359388] evm: security.selinux
[    5.359926] evm: security.SMACK64
[    5.360445] evm: security.SMACK64EXEC
[    5.361030] evm: security.SMACK64TRANSMUTE
[    5.361621] evm: security.SMACK64MMAP
[    5.362167] evm: security.ima
[    5.362647] evm: security.capability
[    5.363371] clocksource: jiffies: mask: 0xffffffff max_cycles: 0xffffffff, max_idle_ns: 7645041785100000 ns
[    5.364875] pinctrl core: initialized pinctrl subsystem
[    5.365667] RTC time: 17:39:59, date: 08/17/16
[    5.366812] NET: Registered protocol family 16
[    5.408167] cpuidle: using governor ladder
[    5.500387] cpuidle: using governor menu
[    5.609640] PCCT header not found.
[    5.709773] ACPI: bus type PCI registered
[    5.825623] acpiphp: ACPI Hot Plug PCI Controller Driver version: 0.5
[    6.017984] PCI: Using configuration type 1 for base access
[    6.104974] ACPI: Added _OSI(Module Device)
[    6.129649] ACPI: Added _OSI(Processor Device)
[    6.130311] ACPI: Added _OSI(3.0 _SCP Extensions)
[    6.130942] ACPI: Added _OSI(Processor Aggregator Device)
[    6.132165] ACPI: Executed 1 blocks of module-level executable AML code
[    6.134535] ACPI: Interpreter enabled
[    6.135093] ACPI Exception: AE_NOT_FOUND, While evaluating Sleep State [\_S1_] (20150930/hwxface-580)
[    6.136448] ACPI Exception: AE_NOT_FOUND, While evaluating Sleep State [\_S2_] (20150930/hwxface-580)
[    6.143030] ACPI Exception: AE_NOT_FOUND, While evaluating Sleep State [\_S3_] (20150930/hwxface-580)
[    6.144342] ACPI Exception: AE_NOT_FOUND, While evaluating Sleep State [\_S4_] (20150930/hwxface-580)
[    6.145683] ACPI: (supports S0 S5)
[    6.146196] ACPI: Using IOAPIC for interrupt routing
[    6.146971] PCI: Using host bridge windows from ACPI; if necessary, use "pci=nocrs" and report a bug
[    6.150880] ACPI: PCI Root Bridge [PCI0] (domain 0000 [bus 00-ff])
[    6.162107] acpi PNP0A03:00: _OSC: OS supports [ASPM ClockPM Segments MSI]
[    6.162923] acpi PNP0A03:00: _OSC failed (AE_NOT_FOUND); disabling ASPM
[    6.163729] acpi PNP0A03:00: fail to add MMCONFIG information, can't access extended PCI configuration space under this bridge.
[    6.165344] PCI host bridge to bus 0000:00
[    6.165909] pci_bus 0000:00: root bus resource [io  0x0000-0x0cf7 window]
[    6.166709] pci_bus 0000:00: root bus resource [io  0x0d00-0xffff window]
[    6.167525] pci_bus 0000:00: root bus resource [mem 0x000a0000-0x000bffff window]
[    6.168550] pci_bus 0000:00: root bus resource [mem 0x40000000-0xffdfffff window]
[    6.169604] pci_bus 0000:00: root bus resource [bus 00-ff]
[    6.171316] pci 0000:00:01.1: legacy IDE quirk: reg 0x10: [io  0x01f0-0x01f7]
[    6.172187] pci 0000:00:01.1: legacy IDE quirk: reg 0x14: [io  0x03f6]
[    6.180904] pci 0000:00:01.1: legacy IDE quirk: reg 0x18: [io  0x0170-0x0177]
[    6.351408] pci 0000:00:01.1: legacy IDE quirk: reg 0x1c: [io  0x0376]
[    6.369609] ACPI: PCI Interrupt Link [LNKA] (IRQs 5 9 10 11) *0, disabled.
[    6.377386] ACPI: PCI Interrupt Link [LNKB] (IRQs 5 9 10 *11)
[    6.378470] ACPI: PCI Interrupt Link [LNKC] (IRQs 5 9 *10 11)
[    6.379557] ACPI: PCI Interrupt Link [LNKD] (IRQs 5 *9 10 11)
[    6.380691] ACPI: Enabled 2 GPEs in block 00 to 07
[    6.381681] vgaarb: setting as boot device: PCI:0000:00:02.0
[    6.382392] vgaarb: device added: PCI:0000:00:02.0,decodes=io+mem,owns=io+mem,locks=none
[    6.384583] vgaarb: loaded
[    6.385057] vgaarb: bridge control possible 0000:00:02.0
[    6.385933] SCSI subsystem initialized
[    6.386616] ACPI: bus type USB registered
[    6.387202] usbcore: registered new interface driver usbfs
[    6.387914] usbcore: registered new interface driver hub
[    6.389645] usbcore: registered new device driver usb
[    6.390610] PCI: Using ACPI for IRQ routing
[    6.391409] NetLabel: Initializing
[    6.391965] NetLabel:  domain hash size = 128
[    6.483824] NetLabel:  protocols = UNLABELED CIPSOv4
[    6.555908] NetLabel:  unlabeled traffic allowed by default
[    6.556854] clocksource: Switched to clocksource kvm-clock
[    6.5620]ppmo AArorilesystem Enabled
[    6.875037] pnp: PnP ACPI init
[    6.876107] pnp: PnP ACPI: found 3 devices
[    6.885436] clocksource: acpi_pm: mask: 0xffffff max_cycles: 0xffffff, max_idle_ns: 2085701024 ns
[    6.886690] NET: Registered protocol family 2
[    6.887470TCesblheha tlentes81 (de 4656 te
  7.76] P ndhash table entries: 8192 (order: 5, 131072 byte
  8.54] P:astaesongud stlied81 bd 92
[    8.849779] UDP hash table entries: 512 (order: 2, 16384 bytes)
[    9.075086] UDP-Lite hash table entries: 512 (order: 2, 16384 bytes)
[    9.075913] NET: Registered potocol family 1
[    9.096850] pci 0000:00:00.0: Limiting direct PCI/PCI transfers
[    9.097630] pci 0000:00:01.0: Activating ISA DMA hang workarounds
[    9.098479] Trying to unpack rootfs image as initramfs...

[   10.065500] Freeing inirr  eeooyy  2288K (ffff8800371b400    ffff8800378d2000)
[   10.794158] RAPL PMU detected, API unit is 2^-32 Joules, 3 fixed counters 10737418240 ms ovfl timer
[   10.795401] hwuunit of domain pp0-core 2^-0 Joules
[   11.203920] hw unit of domain package 2^-0 Joules
[   11.204580] hw unit of domain pp1-gpu 2^-0 Joules
[   11.205307] platform rtc_cmos: registered platform RTC device (no PNP device found)
[   11.206398] Scanning for low memory corruption every 60 seconds
[   11.207792] futex hash table entries: 512 (order: 3, 32768 bytes)
[   11.208587] audit: initializing netlink subsys (disabled)
[   11.209342] audit: type=2000 audit(1471455603.778:1): initialized
[   11.210339] Initialise system trusted keyring
[   11.211213] HugeTLB registered 2 MB page size, pre-allocated 0 pages
[   11.213143] zbud: loaded
[   11.213861] VFS: Disk quotas dquot_6.6.0
[   11.214472] VFS: Dquot-cache hash table entries: 512 (order 0, 4096 bytes)
[   11.215503] squashfs: version 4.0 (2009/01/31) Phillip Lougher
[   11.216528] fuse init (API version 7.23)
[   11.217197] Key type big_key registered
[   11.217814] Allocating IMA MOK and blacklist keyrings.
[   11.219271] Key type asymmetric registered
[   11.219866] Asymmetric key parser 'x509' registered
[   11.220558] Block layer SCSI generic (bsg) driver version 0.4 loaded (major 249)
[   11.221678] io scheduler noop registered
[   11.222257] io scheduler deadline registered (default)
[   11.222968] io scheduler cfq registered
[   11.223602] pci_hotplug: PCI Hot Plug PCI Core version: 0.5
[   11.224356] pciehp: PCI Express Hot Plug Controller Driver version: 0.4
[   11.225321] ACPI: AC Adapter [AC] (on-line)
[   11.233922] input: Power Button as /devices/LNXSYSTM:00/LNXPWRBN:00/input/input0
[   11.234957] ACPI: Power Button [PWRF]
[   11.235531] input: Sleep Button as /devices/LNXSYSTM:00/LNXSLPBN:00/input/input1
[   11.236631] ACPI: Sleep Button [SLPF]
[   11.237505] GHES: HEST is not enabled!
[   11.238137] Serial: 8250/16550 driver, 32 ports, IRQ sharing enabled
[   11.260132] 00:02: ttyS0 at I/O 0x3f8 (irq = 4, base_baud = 115200) is a 16550A
[   11.262073] Linux agpgart interface v0.103
[   11.265244] brd: module loaded
[   11.267001] loop: module loaded
[   11.267962] scsi host0: ata_piix
[   11.268636] scsi host1: ata_piix
[   11.269209] ata1: PATA max UDMA/33 cmd 0x1f0 ctl 0x3f6 bmdma 0xd000 irq 14
[   11.270064] ata2: PATA max UDMA/33 cmd 0x170 ctl 0x376 bmdma 0xd008 irq 15
[   11.271310] libphy: Fixed MDIO Bus: probed
[   11.271891] tun: Universal TUN/TAP device driver, 1.6
[   11.272557] tun: (C) 1999-2004 Max Krasnyansky <maxk@qualcomm.com>
[   11.273403] PPP generic driver version 2.4.2
[   11.274081] ehci_hcd: USB 2.0 'Enhanced' Host Controller (EHCI) Driver
[   11.274901] ehci-pci: EHCI PCI platform driver
[   11.278493] ehci-platform: EHCI generic platform driver
[   11.279181] ohci_hcd: USB 1.1 'Open' Host Controller (OHCI) Driver
[   11.279950] ohci-pci: OHCI PCI platform driver
[   11.280567] ohci-platform: OHCI generic platform driver
[   11.281287] uhci_hcd: USB Universal Host Controller Interface driver
[   11.282115] i8042: PNP: PS/2 Controller [PNP0303:PS2K,PNP0f03:PS2M] at 0x60,0x64 irq 1,12
[   11.283681] serio: i8042 KBD port at 0x60,0x64 irq 1
[   11.284365] serio: i8042 AUX port at 0x60,0x64 irq 12
[   11.294010] mousedev: PS/2 mouse device common for all mice
[   11.295122] rtc_cmos rtc_cmos: rtc core: registered rtc_cmos as rtc0
[   11.296012] rtc_cmos rtc_cmos: alarms up to one day, 114 bytes nvram
[   11.296860] input: AT Translated Set 2 keyboard as /devices/platform/i8042/serio0/input/input2
[   11.296931] i2c /dev entries driver
[   11.296977] device-mapper: uevent: version 1.0.3
[   11.298138] device-mapper: ioctl: 4.34.0-ioctl (2015-10-28) initialised: dm-devel@redhat.com
[   11.298152] ledtrig-cpu: registered to indicate activity on CPUs
[   11.298387] NET: Registered protocol family 10
[   11.298539] NET: Registered protocol family 17
[   11.298547] Key type dns_resolver registered
[   11.298663] microcode: CPU0 sig=0x306a9, pf=0x2, revision=0x19
[   11.298691] microcode: CPU1 sig=0x306a9, pf=0x2, revision=0x19
[   11.298713] microcode: Microcode Update Driver: v2.01 <tigran@aivazian.fsnet.co.uk>, Peter Oruba
[   11.298814] registered taskstats version 1
[   11.298829] Loading compiled-in X.509 certificates
[   11.299395] Loaded X.509 cert 'Build time autogenerated kernel key: c40ffa48d8617ce4553ee3ab59017c95e74f2501'
[   11.299409] zswap: loaded using pool lzo/zbud
[   11.300535] Key type trusted registered
[   11.302375] Key type encrypted registered
[   11.302379] AppArmor: AppArmor sha1 policy hashing enabled
[   11.302382] ima: No TPM chip found, activating TPM-bypass!
[   11.302395] evm: HMAC attrs: 0x1
[   11.302559]   Magic number: 12:226:694
[   11.303177] rtc_cmos rtc_cmos: setting system clock to 2016-08-17 17:40:05 UTC (1471455605)
[   11.303233] BIOS EDD facility v0.16 2004-Jun-25, 0 devices found
[   11.303233] EDD information not available.
[   11.426995] Freeing unused kernel memory: 1480K (ffffffff81f42000 - ffffffff820b4000)
[   11.455790] Write protecting the kernel read-only data: 14336k
[   11.878785] Freeing unused kernel memory: 1832K (ffff880001836000 - ffff880001a00000)
[   11.880231] Freeing unused kernel memory: 152K (ffff880001dda000 - ffff880001e00000)
Loading, please wait...
startin[   11.927613] random: systemd-udevd urandom read with 2 bits of entropy available
g version 229
[   12.176130] Fusion MPT base driver 3.04.20
[   12.261426] Copyright (c) 1999-2008 LSI Corporation
[   12.281368] tsc: Refined TSC clocksource calibration: 3411.244 MHz
[   12.282199] clocksource: tsc: mask: 0xffffffffffffffff max_cycles: 0x312bcc94cb1, max_idle_ns: 440795220270 ns
[   12.286445] e1000: Intel(R) PRO/1000 Network Driver - version 7.3.21-k8-NAPI
[   12.713997] e1000: Copyright (c) 1999-2006 Intel Corporation.
[   13.134040] Fusion MPT SPI Host driver 3.04.20
[   13.387865] AVX version of gcm_enc/dec engaged.
[   13.524820] AES CTR mode by8 optimization enabled
[   13.664597] e1000 0000:00:03.0 eth0: (PCI:33MHz:32-bit) 02:af:4b:8e:d4:f5
[   13.664601] e1000 0000:00:03.0 eth0: Intel(R) PRO/1000 Network Connection
[   13.956953] mptbase: ioc0: Initiating bringup
[   13.968711] input: ImExPS/2 Generic Explorer Mouse as /devices/platform/i8042/serio1/input/input4
[   14.021122] ioc0: LSI53C1030 A0: Capabilities={Initiator}
[   14.077938] e1000 0000:00:03.0 enp0s3: renamed from eth0
[   14.482291] scsi host2: ioc0: LSI53C1030 A0, FwRev=00000000h, Ports=1, MaxQ=256, IRQ=20
[   14.624682] scsi 2:0:0:0: Direct-Access     VBOX     HARDDISK         1.0  PQ: 0 ANSI: 5
[   14.624688] scsi target2:0:0: Beginning Domain Validation
[   14.625528] scsi target2:0:0: Domain Validation skipping write tests
[   14.625529] scsi target2:0:0: Ending Domain Validation
[   14.625560] scsi target2:0:0: asynchronous
[   14.625768] scsi 2:0:1:0: Direct-Access     VBOX     HARDDISK         1.0  PQ: 0 ANSI: 5
[   14.625771] scsi target2:0:1: Beginning Domain Validation
[   14.626332] scsi target2:0:1: Domain Validation skipping write tests
[   14.626333] scsi target2:0:1: Ending Domain Validation
[   14.626363] scsi target2:0:1: asynchronous
[   15.222673] sd 2:0:0:0: Attached scsi generic sg0 type 0
[   15.378203] sd 2:0:0:0: [sda] 20971520 512-byte logical blocks: (10.7 GB/10.0 GiB)
[   15.600806] sd 2:0:0:0: [sda] Write Protect is off
[   15.728144] sd 2:0:1:0: Attached scsi generic sg1 type 0
[   15.728735] sd 2:0:1:0: [sdb] 20480 512-byte logical blocks: (10.5 MB/10.0 MiB)
[   15.728830] sd 2:0:0:0: [sda] Incomplete mode parameter data
[   15.728831] sd 2:0:0:0: [sda] Assuming drive cache: write through
[   15.729045] sd 2:0:1:0: [sdb] Write Protect is off
[   15.729166] sd 2:0:1:0: [sdb] Incomplete mode parameter data
[   15.729166] sd 2:0:1:0: [sdb] Assuming drive cache: write through
[   15.740553]  sda: sda1
[   15.741201] sd 2:0:0:0: [sda] Attached SCSI disk
[   15.757577] sd 2:0:1:0: [sdb] Attached SCSI disk
[   16.143738] floppy0: no floppy controllers found
Begin: Loading e[   17.590182] md: linear personality registered for level -1
ssential drivers ... [   18.076698] md: multipath personality registered for level -4
[   18.216771] md: raid0 personality registered for level 0
[   18.556889] md: raid1 personality registered for level 1
[   19.184866] raid6: sse2x1   gen()  9823 MB/s
[   19.283798] raid6: sse2x1   xor()  8097 MB/s
[   19.785204] raid6: sse2x2   gen() 12261 MB/s
[   20.277511] raid6: sse2x2   xor()  8771 MB/s
[   20.393805] raid6: sse2x4   gen() 15736 MB/s
[   20.883799] raid6: sse2x4   xor() 11896 MB/s
[   20.884495] raid6: using algorithm sse2x4 gen() 15736 MB/s
[   20.885229] raid6: .... xor() 11896 MB/s, rmw enabled
[   20.885906] raid6: using ssse3x2 recovery algorithm
[   20.887853] xor: automatically using best checksumming function:
[   20.924871]    avx       : 20857.000 MB/sec
[   21.047165] async_tx: api initialized (async)
[   21.240138] md: raid6 personality registered for level 6
[   21.674172] md: raid5 personality registered for level 5
[   21.894398] md: raid4 personality registered for level 4
[   21.899465] md: raid10 personality registered for level 10
done.
Begin: Running /scripts/init-premount ... done.
Begin: Mounting root fil[   22.420307] Btrfs loaded
e system ... Begin: Running /scripts/local-top ... done.
Begin: Running /scripts/local-premount ... Scanning for Btrfs filesystems
done.
[   22.474598] EXT4-fs (sda1): INFO: recovery required on readonly filesystem
Warning: fsck no[   22.677308] EXT4-fs (sda1): write access will be enabled during recovery
t present, so skipping root file system
[   22.916660] EXT4-fs (sda1): recovery complete
[   23.037554] EXT4-fs (sda1): mounted filesystem with ordered data mode. Opts: (null)
done.
Begin: Running /scripts/local-bottom ... done.
Begin: Running /scripts/init-bottom ... Warning: overlayroot: debug is busted
done.
[   23.849105] systemd[1]: ssseedd2299rrnnning in system mode. (+PAM +AUDIT +SELINUX +IMA +APPARMOR +SMACK +SYSVINIT +UTMP +LIBCRYPTSETUP +GCRYPT +GNUTLS +ACL +XZ -LZ4 +SECCOMP +BLKID +ELFUTILS +KMOD -IDN)
[   24.375852] systemd[1]: Detected virtualization oracle.
[   24.376574] systemd[1]: Detected architecture x86-64.

Welcome to [1mUbuntu 16.04.1 LTS[0m!

[   24.451016] systemd[1]: Set hostname to <ubuntu-xeiill..
[   24.777449] random: nonblocking pool is initialized
[   25.157944] systemd[1]: Started Forward Password Requests to Wall Directory Watch.
[[0;32m  OK  [0m] Started Forward Password Requests to Wall Directory Watch.
[   25.246413] systemd[1]: Reached target Encrypted Volumes.
[[0;32m  OK  [0m] Reached target Encrypted Volumes.
[   25.248231] systemd[1]: Listening on Device-mapper event daemon FIFOs.
[[0;32m  OK  [0m] Listening on Device-mapper event daemon FIFOs.
[   25.251325] systemd[1]: Listening on udev Control Socket.
[[0;32m  OK  [0m] Listening on udev Control Socket.
[   25.253208] systemd[1]: Created slice System Slice.
[[0;32m  OK  [0m] Created slice System Slice.
[   25.254834] systemd[1]: Reached target User and Group Name Lookups.
[[0;32m  OK  [0m] Reached target User and Group Name Lookups.
[   25.256737] systemd[1]: Listening on Journal Audit Socket.
[[0;32m  OK  [0m] Listening on Journal Audit Socket.
[   25.258677] systemd[1]: Created slice system-serial\x2dgetty.slice.
[[0;32m  OK  [0m] Created slice system-serial\x2dgetty.slice.
[   25.260549] systemd[1]: Listening on LVM2 metadata daemon socket.
[[0;32m  OK  [0m] Listening on LVM2 metadata daemon socket.
[   25.262398] systemd[1]: Listening on Journal Socket.
[[0;32m  OK  [0m] Listening on Journal Socket.
[   25.273010] systemd[1]: Starting Uccmmllccated firewall...
         Starting Uncomplicated firewall...
[   25.646656] systemd[1]: Starting Set console keymap...
         Starting Set console keymap...
[   25.665485] systemd[1]: Starting Create list of required static device nodes for the current kernel...
         Starting Create list of required st... nodes for the current kernel...
[   25.701054] systemd[1]: Starting Load Kernel Modules...
         Starting Load Kernel Modules...
[   25.897139] systemd[1]: Starting Nameserver information manager...
[   25.897343] Loading iSCSI transport class v2.0-870.
         Starting Nameserver information manager...
[   26.421209] iscsi: registered transport (tcp)
[   26.429464] systemd[1]: Starting Monitoring of LVM2 mirrors, snapshots etc. using dmeventd or progress polling...
         Starting Monitoring of LVM2 mirrors... dmeventd or progress polling...
[   26.705777] systemd[1]: Reached target Swap.
[[0;32m  OK  [0m] Reached target Swap.
[   26.707481] systemd[1]: Mounting POSIX Message Queue File System...
         Mounting POSIX Message Queue File System...
[   26.725127] systemd[1]: Listening on Journal Socket (/dev/log).
[[0;32m  OK  [0m] Listening on Journal Socket (/dev/log).
[   26.997147] systemd[1]: Set up automount Arbitrary Executable File Formats File System Automount Point.
[[0;32m  OK  [0m] Set up automount Arbitrary Executab...ats File System Automount Point.
[   27.403149] iscsi: registered transport (iser)
[   27.417234] systemd[1]: Ceetted slice Use  nnd Session Slice.
[[0;32m  OK  [0m] Created slice User and Session Slice.
[   77.773048] ssstemd[1]: Reached target Slices.
[[0;32m  OK  [0m] Reached target Slices.
[   28.285042] systemd[1]: Muuttnng Huge Pages File System...
         Mounting Huge Pages File System...
[   28.807185] syseemd[1:: Listeiiggoo  VVM2 poll daemon socket.
[[0;32m  OK  [0m] Listening on LVM2 poll daemon socket.
[   29.309018] systemd[1]: Mounting Debug File System...
         Mounting Debug File System...
[   29.385979] systemd[1]: Listening on udev Kernel Socket.
[[0;32m  OK  [0m] Listening on udev Kernel Socket.
[   29.388754] systemd[1]: Starting Remount Root and Kernel File Systems...
         Starting Remount Root and Kernel File Systems...
[   29.397625] systemd[1]: Listening on /dev/initctl Compatibility Named Pipe.
[   29.399378] EXT4-f  (sda1): re-mounted. Opts: (nll))

[[0;32m  OK  [0m] Listening on /dev/initctl Compatibility Named Pipe.
[   30.253253] systemd[1]: Listening on Syslog Socket.
[[0;32m  OK  [0m] Listening on Syslog Socket.
[   30.405075] systemd[1]: Starting Journal Service...
         Starting Journal Service...
[   30.471150] systemd[1]: Mounted POSIX Message Queue File System.
[[0;32m  OK  [0m] Mounted POSIX Message Queue File System.
[   30.493165] systemd[1]: Mounted Debug File System
[[0;32m  OK  [0m] Mounted Debug File System.
[   31.009067] systemd[1]: Mounted Huge Pages File System.
[[0;32m  OK  [0m] Mounted Huge Pages File System.
[   31.613266] systemd[1]: Started Juurnal Service.
[[0;32m  OK  [0m] Started Journal Service.
[[0;32m  OK  [0m] Started Uncomplicated firewall.
[[0;32m  OK  [0m] Started Set console keymap.
[[0;32m  OK  [0m] Started Create list of required sta...ce nodes for the current kernel.
[[0;32m  OK  [0m] Started Load Kernel Modules.
[[0;32m  OK  [0m] Started Remount Root and Kernel File Systems.
[[0;32m  OK  [0m] Started Nameserver information manager.
[[0;32m  OK  [0m] Started LVM2 metadata daemon.
         Starting Load/Save Random Seed...
         Starting udev Coldplug all Devices...
         Starting Apply Kernel Variables...
         Mounting FUSE Control File System...
         Starting Create Static Device Nodes in /dev...
         Starting Flush Journal to Persistent Storage...
[[0;32m  OK  [0m] Mounted FUSE Control File System.
[[0;32m  OK  [0m] Started Load/Save Random Seed.
[[0;32m  OK  [0m] Started Monitoring of LVM2 mirrors,...ng dmeventd or progress polling.
[[0;32m  OK  [0m] Started Apply Kernel Variables.
[[0;32m  OK  [0m] Started Create Static Device Nodes in /dev.
[[0;32m  OK  [0m] Started udev Coldplug all Devices.
         Starting udev Kernel Device Manager...
[[0;32m  OK  [0m] Started Flush Journal to Persistent Storage.
[[0;32m  OK  [0m] Started udev Kernel Device Manager.
[[0;32m  OK  [0m] Reached target Local File Systems (Pre).
[[0;32m  OK  [0m] Reached target Local File Systems.
         Starting Tell Plymouth To Write Out Runtime Data...
         Starting Initial cloud-init job (pre-networking)...
         Starting Set console font and keymap...
         Starting LSB: AppArmor initialization...
         Starting Create Volatile Files and Directories...
[[0;32m  OK  [0m] Started Dispatch Password Requests to Console Directory Watch.
[[0;32m  OK  [0m] Started Tell Plymouth To Write Out Runtime Data.
[[0;32m  OK  [0m] Started Create Volatile Files and Directories.
[[0;32m  OK  [0m] Found device /dev/ttyS0.
[[0;32m  OK  [0m] Listening on Load/Save RF Kill Switch Status /dev/rfkill Watch.
         Starting Network Time Synchronization...
         Starting Update UTMP about System Boot/Shutdown...
[[0;32m  OK  [0m] Started Network Time Synchronization.
[[0;32m  OK  [0m] Started Set console font and keymap.
[[0;32m  OK  [0m] Created slice system-getty.slice.
[[0;32m  OK  [0m] Reached target System Time Synchronized.
[[0;32m  OK  [0m] Started LSB: AppArmor initialization.
[[0;32m  OK  [0m] Started Update UTMP about System Boot/Shutdown.
[[0;32m  OK  [0m] Reached target System Initialization.
[[0;32m  OK  [0m] Started ACPI Events Check.
         Starting Socket activation for snappy daemon.
[[0;32m  OK  [0m] Started Daily apt activities.
[[0;32m  OK  [0m] Started Trigger resolvconf update for networkd DNS.
[[0;32m  OK  [0m] Reached target Paths.
[[0;32m  OK  [0m] Started Timer to automatically refresh installed snaps.
[[0;32m  OK  [0m] Listening on ACPID Listen Socket.
[[0;32m  OK  [0m] Listening on UUID daemon activation socket.
         Starting LXD - unix socket.
[[0;32m  OK  [0m] Listening on D-Bus System Message Bus Socket.
[[0;32m  OK  [0m] Started Daily Cleanup of Temporary Directories.
[[0;32m  OK  [0m] Reached target Timers.
[[0;32m  OK  [0m] Listening on Socket activation for snappy daemon.
[[0;32m  OK  [0m] Listening on LXD - unix socket.
[[0;32m  OK  [0m] Reached target Sockets.
[[0;32m  OK  [0m] Reached target Basic System.
         Starting Accounts Service...
         Starting LSB: Record successful boot for GRUB...
         Starting System Logging Service...
[[0;32m  OK  [0m] Started Deferred execution scheduler.
         Starting LXD - container startup/shutdown...
         Starting LSB: MD monitoring daemon...
[[0;32m  OK  [0m] Started D-Bus System Message Bus.
[[0;32m  OK  [0m] Started ACPI event daemon.
[[0;32m  OK  [0m] Started Snappy daemon.
[[0;32m  OK  [0m] Started Regular background program processing daemon.
[[0;32m  OK  [0m] Started FUSE filesystem for LXC.
         Starting Login Service...
[[0;32m  OK  [0m] Started System Logging Service.
         Starting Authenticate and Authorize Users to Run Privileged Tasks...
[[0;32m  OK  [0m] Started LSB: Record successful boot for GRUB.
[[0;32m  OK  [0m] Started LXD - container startup/shutdown.
[[0;32m  OK  [0m] Started LSB: MD monitoring daemon.
[[0;32m  OK  [0m] Started Login Service.
[[0;32m  OK  [0m] Started Authenticate and Authorize Users to Run Privileged Tasks.
[[0;32m  OK  [0m] Started Accounts Service.
[   30.497247] cloud-init[1117]: Cloud-init v. 0.7.7 running 'init-local' at Wed, 17 Aug 2016 17:40:30 +0000. Up 29.87 seconds.
[[0;32m  OK  [0m] Started Initial cloud-init job (pre-networking).
[[0;32m  OK  [0m] Reached target Network (Pre).
         Starting Raise network interfaces...
[[0;32m  OK  [0m] Started ifup for enp0s3.
[[0;32m  OK  [0m] Started Raise network interfaces.
[[0;32m  OK  [0m] Reached target Network.
         Starting Initial cloud-init job (metadata service crawler)...
[   31.734134] cloud-init[2070]: Cloud-init v. 0.7.7 running 'init' at Wed, 17 Aug 2016 17:40:31 +0000. Up 31.31 seconds.
[[0;32m  OK  [0m] Started Initial cloud-init job (metadata service crawler).
[[0;32m  OK  [0m[   31.875424] ] cloud-initReached target Cloud-config availability.[2070]: 
ci-info: +++++++++++++++++++++++++++++++++++++Net device info++++++++++++++++++++++++++++++++++++++
[[   31.979401] cloud-init[2070]: ci-info: +--------+------+----------------------------+---------------+-------+-------------------+
[   31.980318] cloud-init[2070]: ci-info: | Device |  Up  |          Address           |      Mask     | Scope |     Hw-Address    |
[   31.980646] cloud-init[2070]: ci-info: +--------+------+----------------------------+---------------+-------+-------------------+
[   31.980829] cloud-init[2070]: ci-info: |   lo   | True |         127.0.0.1          |   255.0.0.0   |   .   |         .         |
[   31.981012] cloud-init[2070]: ci-info: |   lo   | True |          ::1/128           |       .       |  host |         .         |
[   31.981205] cloud-init[2070]: ci-info: | enp0s3 | True |         10.0.2.15          | 255.255.255.0 |   .   | 02:af:4b:8e:d4:f5 |
[   31.981376] cloud-init[2070]: ci-info: | enp0s3 | True | fe80::af:4bff:fe8e:d4f5/64 |       .       |  link | 02:af:4b:8e:d4:f5 |
[   31.981557] cloud-init[2070]: ci-info: +--------+------+----------------------------+---------------+-------+-------------------+
[   31.981741] cloud-init[2070]: ci-info: +++++++++++++++++++++++++++Route IPv4 info++++++++++++++++++++++++++++
[   31.981920] cloud-init[2070]: ci-info: +-------+-------------+----------+---------------+-----------+-------+
[   31.982103] cloud-init[2070]: ci-info: | Route | Destination | Gateway  |    Genmask    | Interface | Flags |
[   31.982282] cloud-init[2070]: ci-info: +-------+-------------+----------+---------------+-----------+-------+
[   31.982466] cloud-init[2070]: ci-info: |   0   |   0.0.0.0   | 10.0.2.2 |    0.0.0.0    |   enp0s3  |   UG  |
[   31.982654] cloud-init[2070]: ci-info: |   1   |   10.0.2.0  | 0.0.0.0  | 255.255.255.0 |   enp0s3  |   U   |
[   31.982827] cloud-init[2070]: ci-info: +-------+-------------+----------+---------------+-----------+-------+
[0;32m  OK  [0m] Reached target Network is Online.
         Starting OpenBSD Secure Shell server...
         Starting /etc/rc.local Compatibility...
         Starting Apply the settings specified in cloud-config...
         Starting iSCSI initiator daemon (iscsid)...
[[0;32m  OK  [0m] Started /etc/rc.local Compatibility.
[[0;32m  OK  [0m] Started OpenBSD Secure Shell server.
[[0;32m  OK  [0m] Started iSCSI initiator daemon (iscsid).
         Starting Login to default iSCSI targets...
[   32.938265] cloud-init[2115]: Cloud-init v. 0.7.7 running 'modules:config' at Wed, 17 Aug 2016 17:40:33 +0000. Up 32.80 seconds.
[[0;32m  OK  [0m] Started Login to default iSCSI targets.
[[0;32m  OK  [0m] Started Apply the settings specified in cloud-config.
         Starting Execute cloud user/final scripts...
[[0;32m  OK  [0m] Reached target Remote File Systems (Pre).
[[0;32m  OK  [0m] Reached target Remote File Systems.
         Starting Permit User Sessions...
         Starting LSB: daemon to balance interrupts for SMP systems...
         Starting LSB: automatic crash report generation...
         Starting LSB: Set the CPU Frequency Scaling governor to "ondemand"...
[[0;32m  OK  [0m] Started Permit User Sessions.
         [   33.316203] Starting Hold until boot process finishes up...cloud-init
[2146]: Cloud-init v. 0.7.7 running 'modules:final' at Wed, 17 Aug 2016 17:40:33 +0000. Up 33.21 seconds.
[   33.448517] cloud-init[2146]: Cloud-init v. 0.7.7 finished at Wed, 17 Aug 2016 17:40:33 +0000. Datasource DataSourceNoCloud [seed=/dev/sdb][dsmode=net].  Up 33.28 seconds
         Starting Terminate Plymouth Boot Screen...
[[0;32m  OK  [0m] Started Execute cloud user/final scripts.
[[0;32m  OK  [0m] Started LSB: daemon to balance interrupts for SMP systems.
[[0;32m  OK  [0m] Started LSB: automatic crash report generation.
[[0;32m  OK  [0m] Started LSB: Set the CPU Frequency Scaling governor to "ondemand".
[[0;32m  OK  [0m] Started Hold until boot process finishes up.
[[0;32m  OK  [0m] Started Terminate Plymouth Boot Screen.
[[0;32m  OK  [0m] Started Getty on tty1.
[[0;32m  OK  [0m] Started Serial Getty on ttyS0.
[[0;32m  OK  [0m] Reached target Login Prompts.
         Starting Set console scheme...
[[0;32m  OK  [0m] Reached target Cloud-init target.
[[0;32m  OK  [0m] Reached target Multi-User System.
[[0;32m  OK  [0m] Reached target Graphical Interface.
         Starting Update UTMP about System Runlevel Changes...
[[0;32m  OK  [0m] Started Set console scheme.
[[0;32m  OK  [0m] Started Update UTMP about System Runlevel Changes.

Ubuntu 16.04.1 LTS ubuntu-xenial ttyS0

ubuntu-xenial login: 